<?xml version="1.0" encoding="UTF-8"?>
<!-- Generated by org.testng.reporters.JUnitXMLReporter -->
<testsuite ignored="0" hostname="SWT-LTOP-1063" failures="0" tests="4" name="Default test" time="14.439" errors="0" timestamp="2026-02-28T14:31:15 IST">
  <testcase classname="com.OrangeHRM.FirstTestClass" name="openApp" time="10.367"/>
  <testcase classname="com.OrangeHRM.FirstTestClass" name="testLogo" time="3.121"/>
  <testcase classname="com.OrangeHRM.FirstTestClass" name="login" time="0.622"/>
  <testcase classname="com.OrangeHRM.FirstTestClass" name="logout" time="0.24"/>
</testsuite> <!-- Default test -->
