<?xml version="1.0" encoding="UTF-8"?>
<!-- Generated by org.testng.reporters.JUnitReportReporter -->
<testsuite hostname="SWT-LTOP-1063" failures="0" tests="4" name="com.OrangeHRM.FirstTestClass" time="14.350" errors="0" timestamp="2026-02-28T14:31:16 IST" skipped="0">
  <testcase classname="com.OrangeHRM.FirstTestClass" name="openApp" time="10.367"/>
  <system-out/>
  <testcase classname="com.OrangeHRM.FirstTestClass" name="testLogo" time="3.121"/>
  <system-out/>
  <testcase classname="com.OrangeHRM.FirstTestClass" name="login" time="0.622"/>
  <system-out/>
  <testcase classname="com.OrangeHRM.FirstTestClass" name="logout" time="0.240"/>
  <system-out/>
</testsuite> <!-- com.OrangeHRM.FirstTestClass -->
