<?xml version="1.0" encoding="UTF-8"?>
<testng-results ignored="0" total="1" passed="1" failed="0" skipped="0">
  <reporter-output>
  </reporter-output>
  <suite started-at="2026-03-10T12:02:24 IST" name="Default suite" finished-at="2026-03-10T12:02:28 IST" duration-ms="4129">
    <groups>
    </groups>
    <test started-at="2026-03-10T12:02:24 IST" name="Default test" finished-at="2026-03-10T12:02:28 IST" duration-ms="4129">
      <class name="com.OrangeHRM.LoginZconnet">
        <test-method is-config="true" signature="intializationReportConfig()[pri:0, instance:com.OrangeHRM.LoginZconnet@183ec003]" started-at="2026-03-10T12:02:23 IST" name="intializationReportConfig" finished-at="2026-03-10T12:02:24 IST" duration-ms="576" status="PASS">
          <reporter-output>
          </reporter-output>
        </test-method> <!-- intializationReportConfig -->
        <test-method is-config="true" signature="startReport()[pri:0, instance:com.OrangeHRM.LoginZconnet@183ec003]" started-at="2026-03-10T12:02:24 IST" name="startReport" finished-at="2026-03-10T12:02:24 IST" duration-ms="4" status="PASS">
          <reporter-output>
          </reporter-output>
        </test-method> <!-- startReport -->
        <test-method is-config="true" signature="lunchWeb()[pri:0, instance:com.OrangeHRM.LoginZconnet@183ec003]" started-at="2026-03-10T12:02:24 IST" name="lunchWeb" finished-at="2026-03-10T12:02:26 IST" duration-ms="1829" status="PASS">
          <reporter-output>
          </reporter-output>
        </test-method> <!-- lunchWeb -->
        <test-method signature="loginTotheZconnect()[pri:0, instance:com.OrangeHRM.LoginZconnet@183ec003]" started-at="2026-03-10T12:02:26 IST" name="loginTotheZconnect" finished-at="2026-03-10T12:02:28 IST" duration-ms="2022" status="PASS">
          <reporter-output>
          </reporter-output>
        </test-method> <!-- loginTotheZconnect -->
        <test-method is-config="true" signature="KillBrowser()[pri:0, instance:com.OrangeHRM.LoginZconnet@183ec003]" started-at="2026-03-10T12:02:28 IST" name="KillBrowser" finished-at="2026-03-10T12:02:28 IST" duration-ms="228" status="PASS">
          <reporter-output>
          </reporter-output>
        </test-method> <!-- KillBrowser -->
        <test-method is-config="true" signature="KillReport()[pri:0, instance:com.OrangeHRM.LoginZconnet@183ec003]" started-at="2026-03-10T12:02:28 IST" name="KillReport" finished-at="2026-03-10T12:02:28 IST" duration-ms="36" status="PASS">
          <reporter-output>
          </reporter-output>
        </test-method> <!-- KillReport -->
      </class> <!-- com.OrangeHRM.LoginZconnet -->
    </test> <!-- Default test -->
  </suite> <!-- Default suite -->
</testng-results>
